TN:
SF:src/config.js
FNF:0
FNH:0
DA:1,1
LF:1
LH:1
BRDA:1,0,0,1
BRDA:1,0,1,1
BRF:2
BRH:2
end_of_record
TN:
SF:src/api/interviews.js
FN:3,(anonymous_0)
FN:5,(anonymous_1)
FN:17,(anonymous_2)
FN:27,(anonymous_3)
FN:43,(anonymous_4)
FN:53,(anonymous_5)
FN:72,(anonymous_6)
FNF:7
FNH:3
FNDA:2,(anonymous_0)
FNDA:0,(anonymous_1)
FNDA:2,(anonymous_2)
FNDA:1,(anonymous_3)
FNDA:0,(anonymous_4)
FNDA:0,(anonymous_5)
FNDA:0,(anonymous_6)
DA:3,1
DA:4,2
DA:5,0
DA:6,0
DA:12,0
DA:14,2
DA:17,1
DA:18,2
DA:19,2
DA:20,1
DA:22,1
DA:23,1
DA:27,1
DA:28,1
DA:29,1
DA:36,1
DA:38,0
DA:39,0
DA:43,1
DA:44,0
DA:45,0
DA:46,0
DA:48,0
DA:49,0
DA:53,1
DA:54,0
DA:55,0
DA:62,0
DA:64,0
DA:65,0
DA:72,1
DA:73,0
DA:74,0
DA:77,0
DA:78,0
DA:80,0
DA:82,0
DA:83,0
LF:38
LH:16
BRDA:4,0,0,0
BRDA:4,0,1,2
BRDA:10,1,0,0
BRDA:10,1,1,0
BRDA:12,2,0,0
BRDA:12,2,1,0
BRDA:77,3,0,0
BRDA:77,3,1,0
BRF:8
BRH:1
end_of_record
